<?xml version="1.0" encoding="UTF-8"?>
<!-- Generated by org.testng.reporters.JUnitXMLReporter -->
<testsuite ignored="0" hostname="RagaIswariya" failures="1" tests="2" name="Negative test case validation" time="56.837" errors="0" timestamp="2023-08-23T11:39:29 IST">
  <testcase classname="testCasePackage.NegativeTestCase" name="completionPageAssertValidation" time="4.255"/>
  <testcase classname="testCasePackage.NegativeTestCase" name="loginErrorMessageValidation" time="4.569">
    <failure type="java.lang.AssertionError" message="expected [Incorrect email password.] but found [Incorrect email or password.]">
      <![CDATA[java.lang.AssertionError: expected [Incorrect email password.] but found [Incorrect email or password.]
at testCasePackage.NegativeTestCase.loginErrorMessageValidation(NegativeTestCase.java:19)
at java.base/java.util.ArrayList.forEach(ArrayList.java:1511)
... Removed 31 stack frames]]>
    </failure>
  </testcase> <!-- loginErrorMessageValidation -->
</testsuite> <!-- Negative test case validation -->
